[debug] [2022-02-18T02:06:12.742Z] ----------------------------------------------------------------------
[debug] [2022-02-18T02:06:12.744Z] Command:       C:\Program Files\nodejs\node.exe C:\Users\Mooni\AppData\Roaming\npm\node_modules\firebase-tools\lib\bin\firebase.js init hosting:github
[debug] [2022-02-18T02:06:12.744Z] CLI Version:   9.23.0
[debug] [2022-02-18T02:06:12.744Z] Platform:      win32
[debug] [2022-02-18T02:06:12.745Z] Node Version:  v14.17.3
[debug] [2022-02-18T02:06:12.745Z] Time:          Fri Feb 18 2022 03:06:12 GMT+0100 (Central European Standard Time)
[debug] [2022-02-18T02:06:12.745Z] ----------------------------------------------------------------------
[debug] 
[debug] [2022-02-18T02:06:12.794Z] Object ".remoteconfig" in "firebase.json" is missing required property: {"missingProperty":"template"}
[debug] [2022-02-18T02:06:12.797Z] > command requires scopes: ["email","openid","https://www.googleapis.com/auth/cloudplatformprojects.readonly","https://www.googleapis.com/auth/firebase","https://www.googleapis.com/auth/cloud-platform"]
[debug] [2022-02-18T02:06:12.797Z] > authorizing via signed-in user (armin@learnwithsocrates.com)
[debug] [2022-02-18T02:06:12.798Z] Object ".remoteconfig" in "firebase.json" is missing required property: {"missingProperty":"template"}
[info] 
     ######## #### ########  ######## ########     ###     ######  ########
     ##        ##  ##     ## ##       ##     ##  ##   ##  ##       ##
     ######    ##  ########  ######   ########  #########  ######  ######
     ##        ##  ##    ##  ##       ##     ## ##     ##       ## ##
     ##       #### ##     ## ######## ########  ##     ##  ######  ########

You're about to initialize a Firebase project in this directory:

  E:\Workspace\candy\CLC Project\clc_frontend

Before we get started, keep in mind:

  * You are initializing within an existing Firebase project directory

[info] 
=== Project Setup
[info] 
[info] First, let's associate this project directory with a Firebase project.
[info] You can create multiple project aliases by running firebase use --add, 
[info] but for now we'll just set up a default project.
[info] 
[info] i  .firebaserc already has a default project, using devenvclc. 
[debug] [2022-02-18T02:06:14.039Z] > refreshing access token with scopes: []
[debug] [2022-02-18T02:06:14.040Z] >>> HTTP REQUEST POST https://www.googleapis.com/oauth2/v3/token  
 <request body omitted>
[debug] [2022-02-18T02:06:16.124Z] <<< HTTP RESPONSE 200 {"expires":"Mon, 01 Jan 1990 00:00:00 GMT","pragma":"no-cache","cache-control":"no-cache, no-store, max-age=0, must-revalidate","date":"Fri, 18 Feb 2022 02:08:34 GMT","content-type":"application/json; charset=utf-8","vary":"X-Origin, Referer, Origin,Accept-Encoding","server":"scaffolding on HTTPServer2","x-xss-protection":"0","x-frame-options":"SAMEORIGIN","x-content-type-options":"nosniff","alt-svc":"h3=\":443\"; ma=2592000,h3-29=\":443\"; ma=2592000,h3-Q050=\":443\"; ma=2592000,h3-Q046=\":443\"; ma=2592000,h3-Q043=\":443\"; ma=2592000,quic=\":443\"; ma=2592000; v=\"46,43\"","accept-ranges":"none","transfer-encoding":"chunked"}
[debug] [2022-02-18T02:06:16.197Z] >>> [apiv2][query] GET https://firebase.googleapis.com/v1beta1/projects/devenvclc [none]
[debug] [2022-02-18T02:06:17.311Z] <<< [apiv2][status] GET https://firebase.googleapis.com/v1beta1/projects/devenvclc 200
[debug] [2022-02-18T02:06:17.311Z] <<< [apiv2][body] GET https://firebase.googleapis.com/v1beta1/projects/devenvclc {"projectId":"devenvclc","projectNumber":"16835516799","displayName":"DevEnvClc","name":"projects/devenvclc","resources":{"hostingSite":"devenvclc","storageBucket":"devenvclc.appspot.com","locationId":"us-central"},"state":"ACTIVE"}
[info] 
=== Hosting:github Setup
[info] 
[info] i  Detected a .git folder at E:\Workspace\candy\CLC Project\clc_frontend 
[info] i  Authorizing with GitHub to upload your service account to a GitHub repository's secrets store. 
[info] 
[info] Visit this URL on this device to log in:
[info] https://github.com/login/oauth/authorize?client_id=89cf50f02ac6aaed3484&state=1016821582&redirect_uri=http%3A%2F%2Flocalhost%3A9005&scope=read%3Auser%20repo%20public_repo
[info] 
[info] Waiting for authentication...
[debug] [2022-02-18T02:06:18.233Z] >>> HTTP REQUEST POST https://github.com/login/oauth/access_token  
 {"client_id":"89cf50f02ac6aaed3484","client_secret":"3330d14abc895d9a74d5f17cd7a00711fa2c5bf0","code":"ee67ba4baaaaa910bfda","redirect_uri":"http://localhost:9005","state":"1016821582"}
[debug] [2022-02-18T02:06:19.364Z] <<< HTTP RESPONSE 200 {"server":"GitHub.com","date":"Fri, 18 Feb 2022 02:08:38 GMT","content-type":"application/json; charset=utf-8","transfer-encoding":"chunked","vary":"X-PJAX, X-PJAX-Container, Accept-Encoding, Accept, X-Requested-With","permissions-policy":"interest-cohort=()","etag":"W/\"7bf2066121b388b3e252b74e92c91fe0\"","cache-control":"max-age=0, private, must-revalidate","strict-transport-security":"max-age=31536000; includeSubdomains; preload","x-frame-options":"deny","x-content-type-options":"nosniff","x-xss-protection":"0","referrer-policy":"origin-when-cross-origin, strict-origin-when-cross-origin","expect-ct":"max-age=2592000, report-uri=\"https://api.github.com/_private/browser/errors\"","content-security-policy":"default-src 'none'; base-uri 'self'; block-all-mixed-content; child-src github.com/assets-cdn/worker/ gist.github.com/assets-cdn/worker/; connect-src 'self' uploads.github.com objects-origin.githubusercontent.com www.githubstatus.com collector.githubapp.com collector.github.com api.github.com github-cloud.s3.amazonaws.com github-production-repository-file-5c1aeb.s3.amazonaws.com github-production-upload-manifest-file-7fdce7.s3.amazonaws.com github-production-user-asset-6210df.s3.amazonaws.com cdn.optimizely.com logx.optimizely.com/v1/events translator.github.com wss://alive.github.com; font-src github.githubassets.com; form-action 'self' github.com gist.github.com objects-origin.githubusercontent.com; frame-ancestors 'none'; frame-src render.githubusercontent.com viewscreen.githubusercontent.com notebooks.githubusercontent.com; img-src 'self' data: github.githubassets.com identicons.github.com collector.githubapp.com collector.github.com github-cloud.s3.amazonaws.com secured-user-images.githubusercontent.com/ *.githubusercontent.com; manifest-src 'self'; media-src github.com user-images.githubusercontent.com/; script-src github.githubassets.com; style-src 'unsafe-inline' github.githubassets.com; worker-src github.com/assets-cdn/worker/ gist.github.com/assets-cdn/worker/","x-github-request-id":"A6B9:215C:602D0:6F811:620EFFA5"}
[debug] [2022-02-18T02:06:19.367Z] >>> [apiv2][query] GET https://api.github.com/user [none]
[debug] [2022-02-18T02:06:24.649Z] <<< [apiv2][status] GET https://api.github.com/user 200
[debug] [2022-02-18T02:06:24.649Z] <<< [apiv2][body] GET https://api.github.com/user {"login":"arminSocrates","id":95144607,"node_id":"U_kgDOBavKnw","avatar_url":"https://avatars.githubusercontent.com/u/95144607?v=4","gravatar_id":"","url":"https://api.github.com/users/arminSocrates","html_url":"https://github.com/arminSocrates","followers_url":"https://api.github.com/users/arminSocrates/followers","following_url":"https://api.github.com/users/arminSocrates/following{/other_user}","gists_url":"https://api.github.com/users/arminSocrates/gists{/gist_id}","starred_url":"https://api.github.com/users/arminSocrates/starred{/owner}{/repo}","subscriptions_url":"https://api.github.com/users/arminSocrates/subscriptions","organizations_url":"https://api.github.com/users/arminSocrates/orgs","repos_url":"https://api.github.com/users/arminSocrates/repos","events_url":"https://api.github.com/users/arminSocrates/events{/privacy}","received_events_url":"https://api.github.com/users/arminSocrates/received_events","type":"User","site_admin":false,"name":"Armin","company":"Learn With Socrates","blog":"","location":null,"email":null,"hireable":null,"bio":"I am a full stack developer for mobile, web and electronics device.","twitter_username":null,"public_repos":1,"public_gists":0,"followers":0,"following":0,"created_at":"2021-11-27T18:34:09Z","updated_at":"2022-02-15T12:06:14Z","private_gists":0,"total_private_repos":0,"owned_private_repos":0,"disk_usage":0,"collaborators":0,"two_factor_authentication":false,"plan":{"name":"free","space":976562499,"collaborators":0,"private_repos":10000}}
[info] 
[info] +  Success! Logged into GitHub as arminSocrates 
[info] 
[debug] [2022-02-18T02:06:32.921Z] >>> [apiv2][query] GET https://api.github.com/repos/No/actions/secrets/public-key type=owner
[debug] [2022-02-18T02:06:34.045Z] <<< [apiv2][status] GET https://api.github.com/repos/No/actions/secrets/public-key 404
[debug] [2022-02-18T02:06:34.045Z] <<< [apiv2][body] GET https://api.github.com/repos/No/actions/secrets/public-key {"message":"Not Found","documentation_url":"https://docs.github.com/rest"}
[debug] [2022-02-18T02:06:38.052Z] >>> [apiv2][query] GET https://api.github.com/repos/arminSocrates/actions/secrets/public-key type=owner
[debug] [2022-02-18T02:06:39.531Z] <<< [apiv2][status] GET https://api.github.com/repos/arminSocrates/actions/secrets/public-key 404
[debug] [2022-02-18T02:06:39.531Z] <<< [apiv2][body] GET https://api.github.com/repos/arminSocrates/actions/secrets/public-key {"message":"Not Found","documentation_url":"https://docs.github.com/rest"}
[debug] [2022-02-18T02:07:14.710Z] >>> [apiv2][query] GET https://api.github.com/repos/arminSocrates/WithSocrates/clc_frontend/actions/secrets/public-key type=owner
[debug] [2022-02-18T02:07:19.868Z] <<< [apiv2][status] GET https://api.github.com/repos/arminSocrates/WithSocrates/clc_frontend/actions/secrets/public-key 404
[debug] [2022-02-18T02:07:19.868Z] <<< [apiv2][body] GET https://api.github.com/repos/arminSocrates/WithSocrates/clc_frontend/actions/secrets/public-key {"message":"Not Found","documentation_url":"https://docs.github.com/rest"}
[debug] [2022-02-18T02:08:45.571Z] >>> [apiv2][query] GET https://api.github.com/repos/user/repository/actions/secrets/public-key type=owner
[debug] [2022-02-18T02:08:46.565Z] <<< [apiv2][status] GET https://api.github.com/repos/user/repository/actions/secrets/public-key 404
[debug] [2022-02-18T02:08:46.566Z] <<< [apiv2][body] GET https://api.github.com/repos/user/repository/actions/secrets/public-key {"message":"Not Found","documentation_url":"https://docs.github.com/rest/reference/actions#get-a-repository-public-key"}
